<?xml version="1.0" encoding="UTF-8"?>
<!-- Generated by org.testng.reporters.JUnitReportReporter -->
<testsuite skipped="0" hostname="SREESAI-305" name="selenium.Demoselenium" tests="1" failures="0" timestamp="2021-08-31T20:36:16 IST" time="8.384" errors="0">
  <testcase name="test" time="8.384" classname="selenium.Demoselenium"/>
  <system-out/>
</testsuite> <!-- selenium.Demoselenium -->
